This file contains any messages produced by compilers while
running configure, to aid debugging if configure makes a mistake.

It was created by libjpeg configure 8.4.0, which was
generated by GNU Autoconf 2.68.  Invocation command line was

  $ ./configure CC=c/Users/emrekut/Downloads/Compressed/android-ndk-r19-windows-x86_64/android-ndk-r19/toolchains/llvm/prebuilt/windows-x86_64/bin/

## --------- ##
## Platform. ##
## --------- ##

hostname = emre-pc
uname -m = x86_64
uname -r = 2.11.2(0.329/5/3)
uname -s = MSYS_NT-6.3
uname -v = 2018-11-26 09:22

/usr/bin/uname -p = unknown
/bin/uname -X     = unknown

/bin/arch              = x86_64
/usr/bin/arch -k       = unknown
/usr/convex/getsysinfo = unknown
/usr/bin/hostinfo      = unknown
/bin/machine           = unknown
/usr/bin/oslevel       = unknown
/bin/universe          = unknown

PATH: /usr/local/bin
PATH: /usr/bin
PATH: /bin
PATH: /opt/bin
PATH: /c/Windows/System32
PATH: /c/Windows
PATH: /c/Windows/System32/Wbem
PATH: /c/Windows/System32/WindowsPowerShell/v1.0/
PATH: .
PATH: /c/Users/emrekut/Downloads/Compressed/android-ndk-r19-windows-x86_64/android-ndk-r19/toolchains/llvm/prebuilt/windows-x86_64/bin/


## ----------- ##
## Core tests. ##
## ----------- ##

configure:2103: loading site script /etc/config.site
| # This file is in public domain.
| # Original author: Karlson2k (Evgeny Grin)
| # Written for MSys2 to help running 'configure' scripts
| 
| # Use correct config.site even if CONFIG_SITE is not set
| if test "x$MSYSTEM" = "xMINGW64"; then
|   if test -r "${MINGW_PREFIX-/mingw64}/etc/config.site"; then
|     . "${MINGW_PREFIX-/mingw64}/etc/config.site"
|   fi
| elif test "x$MSYSTEM" = "xMINGW32"; then
|   if test -r "${MINGW_PREFIX-/mingw32}/etc/config.site"; then
|     . "${MINGW_PREFIX-/mingw32}/etc/config.site"
|   fi
| elif test "x$MSYSTEM" = "xCLANG64"; then
|   if test -r "${MINGW_PREFIX-/clang64}/etc/config.site"; then
|     . "${MINGW_PREFIX-/clang64}/etc/config.site"
|   fi
| elif test "x$MSYSTEM" = "xCLANG32"; then
|   if test -r "${MINGW_PREFIX-/clang32}/etc/config.site"; then
|     . "${MINGW_PREFIX-/clang32}/etc/config.site"
|   fi
| else
|   # Defaults for MSys2-targeted programs
| 
|   # Set proper selfname on bash and fallback to default name on other shells
|   test -n "${BASH_SOURCE}" 2>/dev/null && config_site_me="${BASH_SOURCE[0]##*/}" || config_site_me=config.site
| 
|   # Set default 'host' to speedup configure
|   if test -z "$build_alias"; then
|     build_alias="${MSYSTEM_CARCH-x86_64}-pc-msys"  && \
|       ${as_echo-echo} "$config_site_me:${as_lineno-$LINENO}: default build_alias set to $build_alias" >&5
|   fi
| 
|   # Set default 'prefix' to "/usr"
|   if ( test -z "$prefix" || test "x$prefix" = "xNONE" ) && \
|      ( test -z "$exec_prefix" || test "x$exec_prefix" = "xNONE" ); then
|     prefix="${MSYSTEM_PREFIX-/usr}" && \
|       ${as_echo-echo} "$config_site_me:${as_lineno-$LINENO}: default prefix set to $prefix" >&5
|   fi
| 
| fi
config.site:31: default build_alias set to x86_64-pc-msys
config.site:38: default prefix set to /usr
configure:2243: checking build system type
configure:2257: result: x86_64-pc-msys
configure:2277: checking host system type
configure:2290: result: x86_64-pc-msys
configure:2310: checking target system type
configure:2323: result: x86_64-pc-msys
configure:2368: checking for a BSD-compatible install
configure:2436: result: /usr/bin/install -c
configure:2447: checking whether build environment is sane
configure:2497: result: yes
configure:2638: checking for a thread-safe mkdir -p
configure:2677: result: /usr/bin/mkdir -p
configure:2690: checking for gawk
configure:2706: found /usr/bin/gawk
configure:2717: result: gawk
configure:2728: checking whether make sets $(MAKE)
configure:2750: result: yes
configure:2860: checking for style of include used by make
configure:2888: result: GNU
configure:2959: checking for gcc
configure:2986: result: c/Users/emrekut/Downloads/Compressed/android-ndk-r19-windows-x86_64/android-ndk-r19/toolchains/llvm/prebuilt/windows-x86_64/bin/
configure:3215: checking for C compiler version
configure:3224: c/Users/emrekut/Downloads/Compressed/android-ndk-r19-windows-x86_64/android-ndk-r19/toolchains/llvm/prebuilt/windows-x86_64/bin/ --version >&5
./configure: line 3226: c/Users/emrekut/Downloads/Compressed/android-ndk-r19-windows-x86_64/android-ndk-r19/toolchains/llvm/prebuilt/windows-x86_64/bin/: No such file or directory
configure:3235: $? = 127
configure:3224: c/Users/emrekut/Downloads/Compressed/android-ndk-r19-windows-x86_64/android-ndk-r19/toolchains/llvm/prebuilt/windows-x86_64/bin/ -v >&5
./configure: line 3226: c/Users/emrekut/Downloads/Compressed/android-ndk-r19-windows-x86_64/android-ndk-r19/toolchains/llvm/prebuilt/windows-x86_64/bin/: No such file or directory
configure:3235: $? = 127
configure:3224: c/Users/emrekut/Downloads/Compressed/android-ndk-r19-windows-x86_64/android-ndk-r19/toolchains/llvm/prebuilt/windows-x86_64/bin/ -V >&5
./configure: line 3226: c/Users/emrekut/Downloads/Compressed/android-ndk-r19-windows-x86_64/android-ndk-r19/toolchains/llvm/prebuilt/windows-x86_64/bin/: No such file or directory
configure:3235: $? = 127
configure:3224: c/Users/emrekut/Downloads/Compressed/android-ndk-r19-windows-x86_64/android-ndk-r19/toolchains/llvm/prebuilt/windows-x86_64/bin/ -qversion >&5
./configure: line 3226: c/Users/emrekut/Downloads/Compressed/android-ndk-r19-windows-x86_64/android-ndk-r19/toolchains/llvm/prebuilt/windows-x86_64/bin/: No such file or directory
configure:3235: $? = 127
configure:3255: checking whether the C compiler works
configure:3277: c/Users/emrekut/Downloads/Compressed/android-ndk-r19-windows-x86_64/android-ndk-r19/toolchains/llvm/prebuilt/windows-x86_64/bin/    conftest.c  >&5
./configure: line 3279: c/Users/emrekut/Downloads/Compressed/android-ndk-r19-windows-x86_64/android-ndk-r19/toolchains/llvm/prebuilt/windows-x86_64/bin/: No such file or directory
configure:3281: $? = 127
configure:3319: result: no
configure: failed program was:
| /* confdefs.h */
| #define PACKAGE_NAME "libjpeg"
| #define PACKAGE_TARNAME "libjpeg"
| #define PACKAGE_VERSION "8.4.0"
| #define PACKAGE_STRING "libjpeg 8.4.0"
| #define PACKAGE_BUGREPORT ""
| #define PACKAGE_URL ""
| #define PACKAGE "libjpeg"
| #define VERSION "8.4.0"
| /* end confdefs.h.  */
| 
| int
| main ()
| {
| 
|   ;
|   return 0;
| }
configure:3324: error: in `/c/Users/emrekut/Downloads/Compressed/3rd-party-libraries/libjpegturbo/8d':
configure:3326: error: C compiler cannot create executables
See `config.log' for more details

## ---------------- ##
## Cache variables. ##
## ---------------- ##

ac_cv_build=x86_64-pc-msys
ac_cv_env_CC_set=set
ac_cv_env_CC_value=c/Users/emrekut/Downloads/Compressed/android-ndk-r19-windows-x86_64/android-ndk-r19/toolchains/llvm/prebuilt/windows-x86_64/bin/
ac_cv_env_CFLAGS_set=
ac_cv_env_CFLAGS_value=
ac_cv_env_CPPFLAGS_set=
ac_cv_env_CPPFLAGS_value=
ac_cv_env_CPP_set=
ac_cv_env_CPP_value=
ac_cv_env_LDFLAGS_set=
ac_cv_env_LDFLAGS_value=
ac_cv_env_LIBS_set=
ac_cv_env_LIBS_value=
ac_cv_env_build_alias_set=
ac_cv_env_build_alias_value=
ac_cv_env_host_alias_set=
ac_cv_env_host_alias_value=
ac_cv_env_target_alias_set=
ac_cv_env_target_alias_value=
ac_cv_host=x86_64-pc-msys
ac_cv_path_install='/usr/bin/install -c'
ac_cv_path_mkdir=/usr/bin/mkdir
ac_cv_prog_AWK=gawk
ac_cv_prog_ac_ct_CC=c/Users/emrekut/Downloads/Compressed/android-ndk-r19-windows-x86_64/android-ndk-r19/toolchains/llvm/prebuilt/windows-x86_64/bin/
ac_cv_prog_make_make_set=yes
ac_cv_target=x86_64-pc-msys

## ----------------- ##
## Output variables. ##
## ----------------- ##

ACLOCAL='${SHELL} /c/Users/emrekut/Downloads/Compressed/3rd-party-libraries/libjpegturbo/8d/missing --run aclocal-1.11'
AMDEPBACKSLASH='\'
AMDEP_FALSE='#'
AMDEP_TRUE=''
AMTAR='${SHELL} /c/Users/emrekut/Downloads/Compressed/3rd-party-libraries/libjpegturbo/8d/missing --run tar'
AM_BACKSLASH='\'
AM_DEFAULT_VERBOSITY='0'
ANSI2KNR=''
AR=''
AS=''
AUTOCONF='${SHELL} /c/Users/emrekut/Downloads/Compressed/3rd-party-libraries/libjpegturbo/8d/missing --run autoconf'
AUTOHEADER='echo autoheader ignored'
AUTOMAKE='${SHELL} /c/Users/emrekut/Downloads/Compressed/3rd-party-libraries/libjpegturbo/8d/missing --run automake-1.11'
AWK='gawk'
CC='c/Users/emrekut/Downloads/Compressed/android-ndk-r19-windows-x86_64/android-ndk-r19/toolchains/llvm/prebuilt/windows-x86_64/bin/'
CCDEPMODE=''
CFLAGS=''
CPP=''
CPPFLAGS=''
CYGPATH_W='cygpath -w'
DEFS=''
DEPDIR='.deps'
DLLTOOL=''
DSYMUTIL=''
DUMPBIN=''
ECHO_C=''
ECHO_N='-n'
ECHO_T=''
EGREP=''
EXEEXT=''
FGREP=''
GREP=''
HAVE_LD_VERSION_SCRIPT_FALSE=''
HAVE_LD_VERSION_SCRIPT_TRUE=''
INSTALL_DATA='${INSTALL} -m 644'
INSTALL_PROGRAM='${INSTALL}'
INSTALL_SCRIPT='${INSTALL}'
INSTALL_STRIP_PROGRAM='$(install_sh) -c -s'
JPEG_LIB_VERSION=''
LD=''
LDFLAGS=''
LIBOBJS=''
LIBS=''
LIBTOOL=''
LIPO=''
LN_S=''
LTLIBOBJS=''
MAINT=''
MAINTAINER_MODE_FALSE=''
MAINTAINER_MODE_TRUE=''
MAKEINFO='${SHELL} /c/Users/emrekut/Downloads/Compressed/3rd-party-libraries/libjpegturbo/8d/missing --run makeinfo'
MANIFEST_TOOL=''
MEMORYMGR=''
MKDIR_P='/usr/bin/mkdir -p'
NM=''
NMEDIT=''
OBJDUMP=''
OBJEXT=''
OTOOL64=''
OTOOL=''
PACKAGE='libjpeg'
PACKAGE_BUGREPORT=''
PACKAGE_NAME='libjpeg'
PACKAGE_STRING='libjpeg 8.4.0'
PACKAGE_TARNAME='libjpeg'
PACKAGE_URL=''
PACKAGE_VERSION='8.4.0'
PATH_SEPARATOR=':'
RANLIB=''
SED=''
SET_MAKE=''
SHELL='/bin/sh'
STRIP=''
U=''
VERSION='8.4.0'
ac_ct_AR=''
ac_ct_CC='c/Users/emrekut/Downloads/Compressed/android-ndk-r19-windows-x86_64/android-ndk-r19/toolchains/llvm/prebuilt/windows-x86_64/bin/'
ac_ct_DUMPBIN=''
am__EXEEXT_FALSE=''
am__EXEEXT_TRUE=''
am__fastdepCC_FALSE=''
am__fastdepCC_TRUE=''
am__include='include'
am__isrc=''
am__leading_dot='.'
am__nodep='_no'
am__quote=''
am__tar='${AMTAR} chof - "$$tardir"'
am__untar='${AMTAR} xf -'
bindir='${exec_prefix}/bin'
build='x86_64-pc-msys'
build_alias='x86_64-pc-msys'
build_cpu='x86_64'
build_os='msys'
build_vendor='pc'
datadir='${datarootdir}'
datarootdir='${prefix}/share'
docdir='${datarootdir}/doc/${PACKAGE_TARNAME}'
dvidir='${docdir}'
exec_prefix='NONE'
host='x86_64-pc-msys'
host_alias=''
host_cpu='x86_64'
host_os='msys'
host_vendor='pc'
htmldir='${docdir}'
includedir='${prefix}/include'
infodir='${datarootdir}/info'
install_sh='${SHELL} /c/Users/emrekut/Downloads/Compressed/3rd-party-libraries/libjpegturbo/8d/install-sh'
libdir='${exec_prefix}/lib'
libexecdir='${exec_prefix}/libexec'
localedir='${datarootdir}/locale'
localstatedir='${prefix}/var'
mandir='${datarootdir}/man'
mkdir_p='/usr/bin/mkdir -p'
oldincludedir='/usr/include'
pdfdir='${docdir}'
prefix='/usr'
program_transform_name='s,x,x,'
psdir='${docdir}'
sbindir='${exec_prefix}/sbin'
sharedstatedir='${prefix}/com'
sysconfdir='${prefix}/etc'
target='x86_64-pc-msys'
target_alias=''
target_cpu='x86_64'
target_os='msys'
target_vendor='pc'

## ----------- ##
## confdefs.h. ##
## ----------- ##

/* confdefs.h */
#define PACKAGE_NAME "libjpeg"
#define PACKAGE_TARNAME "libjpeg"
#define PACKAGE_VERSION "8.4.0"
#define PACKAGE_STRING "libjpeg 8.4.0"
#define PACKAGE_BUGREPORT ""
#define PACKAGE_URL ""
#define PACKAGE "libjpeg"
#define VERSION "8.4.0"

configure: exit 77
